      981.047 +    -2097.630 =    -1116.583
    -2050.953 +      109.885 =    -1941.067
     -753.063 +     -463.450 =    -1216.513
      371.795 +     1384.485 =     1756.280
      167.691 +     1153.409 =     1321.101
    -1263.032 +     -518.677 =    -1781.709
     -680.233 +      263.557 =     -416.676
     -404.227 +      -87.018 =     -491.245
       29.592 +      177.464 =      207.057
     1047.207 +      271.501 =     1318.708
     -485.301 +     2073.044 =     1587.744
     -445.453 +    -1479.475 =    -1924.928
     -954.213 +      369.016 =     -585.196
     -687.521 +     -497.588 =    -1185.108
     -711.021 +      700.061 =      -10.960
     -425.967 +      -26.577 =     -452.545
    -1471.599 +     -616.998 =    -2088.598
     -132.154 +     1063.570 =      931.416
     1781.666 +    -1817.065 =      -35.400
      824.945 +      793.001 =     1617.946
     2367.016 +     -299.828 =     2067.188
    -1004.398 +      768.888 =     -235.510
      -98.196 +     -530.040 =     -628.236
      666.810 +     -620.676 =       46.134
     -188.615 +      166.728 =      -21.888
     1262.292 +    -1241.484 =       20.808
     -113.533 +      380.469 =      266.936
      915.697 +     1041.059 =     1956.755
      522.034 +     1667.471 =     2189.504
     -700.341 +        3.673 =     -696.668
     -102.924 +      783.710 =      680.786
     3132.758 +     1131.393 =     4264.151
     1102.163 +     -536.451 =      565.712
    -1352.397 +      697.804 =     -654.593
    -1768.211 +      -30.682 =    -1798.893
       30.444 +     -859.692 =     -829.247
     -289.173 +      682.849 =      393.676
     -801.681 +     1432.432 =      630.751
      258.030 +     1115.336 =     1373.366
     2332.918 +     1855.780 =     4188.698
      -95.411 +      -98.742 =     -194.152
    -1225.464 +     -468.764 =    -1694.228
      285.394 +     -207.507 =       77.887
     -729.357 +      465.445 =     -263.912
     -346.734 +      210.735 =     -136.000
      289.672 +     1271.105 =     1560.777
     -815.047 +     1657.019 =      841.972
     -582.331 +      341.977 =     -240.353
    -1012.795 +      804.285 =     -208.510
      -11.450 +      250.401 =      238.950
      161.793 +    -1950.971 =    -1789.178
     1228.834 +     -495.299 =      733.535
      535.526 +    -1383.537 =     -848.010
     -124.949 +     1527.712 =     1402.763
    -2020.805 +       10.334 =    -2010.471
    -1518.515 +      270.694 =    -1247.821
      593.870 +      491.735 =     1085.605
     -440.766 +     -461.797 =     -902.562
      327.398 +     1676.711 =     2004.109
      701.813 +    -1897.468 =    -1195.655
        3.251 +      641.391 =      644.643
      -49.399 +     -448.137 =     -497.536
    -2259.301 +      -57.866 =    -2317.167
    -1012.921 +       39.463 =     -973.458
     -398.263 +      315.620 =      -82.643
     2856.774 +      125.946 =     2982.720
     -231.149 +      444.092 =      212.943
     -158.878 +     -116.614 =     -275.492
      261.094 +      720.734 =      981.827
      680.497 +     1158.454 =     1838.951
     -285.545 +     1359.258 =     1073.713
     -483.259 +     -112.631 =     -595.890
      992.467 +      -32.353 =      960.113
       81.648 +     -219.938 =     -138.290
      912.267 +     -748.921 =      163.346
     -494.542 +    -1182.867 =    -1677.409
     1161.026 +      626.709 =     1787.735
      453.660 +    -1103.140 =     -649.480
      677.778 +    -1657.322 =     -979.544
      -21.953 +     -339.502 =     -361.455
    -3382.459 +      419.497 =    -2962.962
      497.729 +     -819.275 =     -321.546
     -901.698 +     -856.616 =    -1758.314
      339.772 +     -574.284 =     -234.512
    -1370.207 +      398.587 =     -971.620
      310.658 +       33.614 =      344.272
      388.533 +      983.105 =     1371.637
     -929.364 +      806.083 =     -123.281
      850.685 +     -640.572 =      210.113
      219.567 +     1723.681 =     1943.248
    -1182.689 +        2.925 =    -1179.764
      857.087 +      345.193 =     1202.280
      -46.224 +     -426.561 =     -472.784
     1082.902 +    -1300.406 =     -217.505
    -1676.700 +     -943.237 =    -2619.937
       79.938 +      -30.136 =       49.801
     1092.295 +      285.290 =     1377.585
     -559.027 +     -348.848 =     -907.875
    -1046.833 +     -595.344 =    -1642.177
     1344.338 +     1566.648 =     2910.987
