-984131568
1816686108
-1241481217
-438261154
-1615635043
1986041870
-1557654638
-225578820
-1650168520
-2026921318
1925908051
1536314096
783955535
1516691477
956528367
-1472265494
-1244168565
1823076301
-514931257
-1658026219
-1938181941
-1082235640
-2007034888
-501382828
-1950135258
384388612
-1996643754
-1030894081
1019556589
1150720758
2033848429
2122928871
84072872
870737164
1084390272
954644056
-944941545
-105114260
1270906252
-1753090542
-2020520400
711683124
-1399387070
-1584210351
-1724659932
664758137
-1285736431
1337680069
-400960422
-141096374
909232923
-1729508458
-1246288270
-2037120086
1510197308
-1901404054
201292357
-220777062
980142599
1393019735
-518592543
-1291379698
1236419017
1502345713
-1659039346
106697716
-1380018555
2089734721
1452225228
762217010
975905784
-144881208
-1388507308
1778571942
-214296171
1298095233
-1353924076
-1280342235
1088895367
-1915395106
-1488360395
1857597052
617772977
994659783
364430358
1107155828
-515934030
1699722143
1815315534
1750434759
-1964642085
984928576
1669118638
-1993183443
-87104711
-2119083013
-107743426
1139736148
-2131050354
-79480423
